[debug] [2023-12-11T06:23:11.554Z] ----------------------------------------------------------------------
[debug] [2023-12-11T06:23:11.556Z] Command:       C:\Program Files\nodejs\node.exe C:\Users\rakud\AppData\Roaming\npm\node_modules\firebase-tools\lib\bin\firebase.js init
[debug] [2023-12-11T06:23:11.556Z] CLI Version:   13.0.1
[debug] [2023-12-11T06:23:11.556Z] Platform:      win32
[debug] [2023-12-11T06:23:11.556Z] Node Version:  v20.10.0
[debug] [2023-12-11T06:23:11.556Z] Time:          Mon Dec 11 2023 15:23:11 GMT+0900 (GMT+09:00)
[debug] [2023-12-11T06:23:11.557Z] ----------------------------------------------------------------------
[debug] 
[debug] [2023-12-11T06:23:11.625Z] > command requires scopes: ["email","openid","https://www.googleapis.com/auth/cloudplatformprojects.readonly","https://www.googleapis.com/auth/firebase","https://www.googleapis.com/auth/cloud-platform"]
[debug] [2023-12-11T06:23:11.626Z] > authorizing via signed-in user (aichitead23302@gmail.com)
[info] 
     ######## #### ########  ######## ########     ###     ######  ########
     ##        ##  ##     ## ##       ##     ##  ##   ##  ##       ##
     ######    ##  ########  ######   ########  #########  ######  ######
     ##        ##  ##    ##  ##       ##     ## ##     ##       ## ##
     ##       #### ##     ## ######## ########  ##     ##  ######  ########

You're about to initialize a Firebase project in this directory:

  C:\Users\rakud\Downloads\Hack-U-master-new\Hack-U-master\easy-chat

Before we get started, keep in mind:

  * You are initializing within an existing Firebase project directory

[info] 
=== Project Setup
[info] 
[info] First, let's associate this project directory with a Firebase project.
[info] You can create multiple project aliases by running firebase use --add, 
[info] but for now we'll just set up a default project.
[info] 
[debug] [2023-12-11T06:23:15.440Z] Using project from CLI flag: test-app-9eac0
[debug] [2023-12-11T06:23:15.445Z] >>> [apiv2][query] GET https://firebase.googleapis.com/v1beta1/projects/test-app-9eac0 [none]
[debug] [2023-12-11T06:23:15.967Z] <<< [apiv2][status] GET https://firebase.googleapis.com/v1beta1/projects/test-app-9eac0 200
[debug] [2023-12-11T06:23:15.968Z] <<< [apiv2][body] GET https://firebase.googleapis.com/v1beta1/projects/test-app-9eac0 {"projectId":"test-app-9eac0","projectNumber":"475645900729","displayName":"hacku-app","name":"projects/test-app-9eac0","resources":{"hostingSite":"test-app-9eac0","realtimeDatabaseInstance":"test-app-9eac0-default-rtdb","storageBucket":"test-app-9eac0.appspot.com","locationId":"asia-northeast1"},"state":"ACTIVE","etag":"1_e5f8493b-ecb1-4d74-8609-36ebc7a29e2d"}
[info] i  Using project test-app-9eac0 (hacku-app) 
[info] 
=== Firestore Setup
[debug] [2023-12-11T06:23:15.985Z] >>> [apiv2][query] GET https://serviceusage.googleapis.com/v1/projects/test-app-9eac0/services/firestore.googleapis.com [none]
[debug] [2023-12-11T06:23:15.986Z] >>> [apiv2][(partial)header] GET https://serviceusage.googleapis.com/v1/projects/test-app-9eac0/services/firestore.googleapis.com x-goog-quota-user=projects/test-app-9eac0
[debug] [2023-12-11T06:23:17.070Z] <<< [apiv2][status] GET https://serviceusage.googleapis.com/v1/projects/test-app-9eac0/services/firestore.googleapis.com 200
[debug] [2023-12-11T06:23:17.071Z] <<< [apiv2][body] GET https://serviceusage.googleapis.com/v1/projects/test-app-9eac0/services/firestore.googleapis.com [omitted]
[debug] [2023-12-11T06:23:17.072Z] >>> [apiv2][query] GET https://firestore.googleapis.com/v1/projects/test-app-9eac0/databases/(default) [none]
[debug] [2023-12-11T06:23:17.307Z] <<< [apiv2][status] GET https://firestore.googleapis.com/v1/projects/test-app-9eac0/databases/(default) 200
[debug] [2023-12-11T06:23:17.307Z] <<< [apiv2][body] GET https://firestore.googleapis.com/v1/projects/test-app-9eac0/databases/(default) {"name":"projects/test-app-9eac0/databases/(default)","uid":"28094f38-4dd3-477d-a88e-42fd9f748cb6","createTime":"2023-11-22T00:54:00.546313Z","updateTime":"2023-11-22T00:54:00.546313Z","locationId":"asia-northeast1","type":"FIRESTORE_NATIVE","concurrencyMode":"PESSIMISTIC","versionRetentionPeriod":"3600s","earliestVersionTime":"2023-12-11T05:23:17.745553Z","appEngineIntegrationMode":"DISABLED","keyPrefix":"b","pointInTimeRecoveryEnablement":"POINT_IN_TIME_RECOVERY_DISABLED","deleteProtectionState":"DELETE_PROTECTION_DISABLED","etag":"IO7778HfhoMDMJTu1rHA1oID"}
[debug] [2023-12-11T06:23:17.307Z] database_type: FIRESTORE_NATIVE
[debug] [2023-12-11T06:23:17.308Z] > command requires scopes: ["email","openid","https://www.googleapis.com/auth/cloudplatformprojects.readonly","https://www.googleapis.com/auth/firebase","https://www.googleapis.com/auth/cloud-platform"]
[debug] [2023-12-11T06:23:17.308Z] > authorizing via signed-in user (aichitead23302@gmail.com)
[debug] [2023-12-11T06:23:17.309Z] [iam] checking project test-app-9eac0 for permissions ["firebase.projects.get"]
[debug] [2023-12-11T06:23:17.309Z] >>> [apiv2][query] POST https://cloudresourcemanager.googleapis.com/v1/projects/test-app-9eac0:testIamPermissions [none]
[debug] [2023-12-11T06:23:17.310Z] >>> [apiv2][(partial)header] POST https://cloudresourcemanager.googleapis.com/v1/projects/test-app-9eac0:testIamPermissions x-goog-quota-user=projects/test-app-9eac0
[debug] [2023-12-11T06:23:17.310Z] >>> [apiv2][body] POST https://cloudresourcemanager.googleapis.com/v1/projects/test-app-9eac0:testIamPermissions {"permissions":["firebase.projects.get"]}
[debug] [2023-12-11T06:23:18.061Z] <<< [apiv2][status] POST https://cloudresourcemanager.googleapis.com/v1/projects/test-app-9eac0:testIamPermissions 200
[debug] [2023-12-11T06:23:18.061Z] <<< [apiv2][body] POST https://cloudresourcemanager.googleapis.com/v1/projects/test-app-9eac0:testIamPermissions {"permissions":["firebase.projects.get"]}
[info] 
[info] Firestore Security Rules allow you to define how and when to allow
[info] requests. You can keep these rules in your project directory
[info] and publish them with firebase deploy.
[info] 
[debug] [2023-12-11T06:24:42.438Z] ----------------------------------------------------------------------
[debug] [2023-12-11T06:24:42.440Z] Command:       C:\Program Files\nodejs\node.exe C:\Users\rakud\AppData\Roaming\npm\node_modules\firebase-tools\lib\bin\firebase.js init
[debug] [2023-12-11T06:24:42.440Z] CLI Version:   13.0.1
[debug] [2023-12-11T06:24:42.440Z] Platform:      win32
[debug] [2023-12-11T06:24:42.440Z] Node Version:  v20.10.0
[debug] [2023-12-11T06:24:42.440Z] Time:          Mon Dec 11 2023 15:24:42 GMT+0900 (GMT+09:00)
[debug] [2023-12-11T06:24:42.440Z] ----------------------------------------------------------------------
[debug] 
[debug] [2023-12-11T06:24:42.487Z] > command requires scopes: ["email","openid","https://www.googleapis.com/auth/cloudplatformprojects.readonly","https://www.googleapis.com/auth/firebase","https://www.googleapis.com/auth/cloud-platform"]
[debug] [2023-12-11T06:24:42.488Z] > authorizing via signed-in user (aichitead23302@gmail.com)
[info] 
     ######## #### ########  ######## ########     ###     ######  ########
     ##        ##  ##     ## ##       ##     ##  ##   ##  ##       ##
     ######    ##  ########  ######   ########  #########  ######  ######
     ##        ##  ##    ##  ##       ##     ## ##     ##       ## ##
     ##       #### ##     ## ######## ########  ##     ##  ######  ########

You're about to initialize a Firebase project in this directory:

  C:\Users\rakud\Downloads\Hack-U-master-new\Hack-U-master\easy-chat

Before we get started, keep in mind:

  * You are initializing within an existing Firebase project directory

[info] 
=== Project Setup
[info] 
[info] First, let's associate this project directory with a Firebase project.
[info] You can create multiple project aliases by running firebase use --add, 
[info] but for now we'll just set up a default project.
[info] 
[debug] [2023-12-11T06:24:47.565Z] Using project from CLI flag: test-app-9eac0
[debug] [2023-12-11T06:24:47.569Z] >>> [apiv2][query] GET https://firebase.googleapis.com/v1beta1/projects/test-app-9eac0 [none]
[debug] [2023-12-11T06:24:47.954Z] <<< [apiv2][status] GET https://firebase.googleapis.com/v1beta1/projects/test-app-9eac0 200
[debug] [2023-12-11T06:24:47.955Z] <<< [apiv2][body] GET https://firebase.googleapis.com/v1beta1/projects/test-app-9eac0 {"projectId":"test-app-9eac0","projectNumber":"475645900729","displayName":"hacku-app","name":"projects/test-app-9eac0","resources":{"hostingSite":"test-app-9eac0","realtimeDatabaseInstance":"test-app-9eac0-default-rtdb","storageBucket":"test-app-9eac0.appspot.com","locationId":"asia-northeast1"},"state":"ACTIVE","etag":"1_e5f8493b-ecb1-4d74-8609-36ebc7a29e2d"}
[info] i  Using project test-app-9eac0 (hacku-app) 
[info] 
=== Firestore Setup
[debug] [2023-12-11T06:24:47.969Z] >>> [apiv2][query] GET https://serviceusage.googleapis.com/v1/projects/test-app-9eac0/services/firestore.googleapis.com [none]
[debug] [2023-12-11T06:24:47.969Z] >>> [apiv2][(partial)header] GET https://serviceusage.googleapis.com/v1/projects/test-app-9eac0/services/firestore.googleapis.com x-goog-quota-user=projects/test-app-9eac0
[debug] [2023-12-11T06:24:49.053Z] <<< [apiv2][status] GET https://serviceusage.googleapis.com/v1/projects/test-app-9eac0/services/firestore.googleapis.com 200
[debug] [2023-12-11T06:24:49.054Z] <<< [apiv2][body] GET https://serviceusage.googleapis.com/v1/projects/test-app-9eac0/services/firestore.googleapis.com [omitted]
[debug] [2023-12-11T06:24:49.054Z] >>> [apiv2][query] GET https://firestore.googleapis.com/v1/projects/test-app-9eac0/databases/(default) [none]
[debug] [2023-12-11T06:24:49.377Z] <<< [apiv2][status] GET https://firestore.googleapis.com/v1/projects/test-app-9eac0/databases/(default) 200
[debug] [2023-12-11T06:24:49.377Z] <<< [apiv2][body] GET https://firestore.googleapis.com/v1/projects/test-app-9eac0/databases/(default) {"name":"projects/test-app-9eac0/databases/(default)","uid":"28094f38-4dd3-477d-a88e-42fd9f748cb6","createTime":"2023-11-22T00:54:00.546313Z","updateTime":"2023-11-22T00:54:00.546313Z","locationId":"asia-northeast1","type":"FIRESTORE_NATIVE","concurrencyMode":"PESSIMISTIC","versionRetentionPeriod":"3600s","earliestVersionTime":"2023-12-11T05:24:49.805383Z","appEngineIntegrationMode":"DISABLED","keyPrefix":"b","pointInTimeRecoveryEnablement":"POINT_IN_TIME_RECOVERY_DISABLED","deleteProtectionState":"DELETE_PROTECTION_DISABLED","etag":"IMTt4u3fhoMDMJTu1rHA1oID"}
[debug] [2023-12-11T06:24:49.377Z] database_type: FIRESTORE_NATIVE
[debug] [2023-12-11T06:24:49.377Z] > command requires scopes: ["email","openid","https://www.googleapis.com/auth/cloudplatformprojects.readonly","https://www.googleapis.com/auth/firebase","https://www.googleapis.com/auth/cloud-platform"]
[debug] [2023-12-11T06:24:49.378Z] > authorizing via signed-in user (aichitead23302@gmail.com)
[debug] [2023-12-11T06:24:49.378Z] [iam] checking project test-app-9eac0 for permissions ["firebase.projects.get"]
[debug] [2023-12-11T06:24:49.378Z] >>> [apiv2][query] POST https://cloudresourcemanager.googleapis.com/v1/projects/test-app-9eac0:testIamPermissions [none]
[debug] [2023-12-11T06:24:49.378Z] >>> [apiv2][(partial)header] POST https://cloudresourcemanager.googleapis.com/v1/projects/test-app-9eac0:testIamPermissions x-goog-quota-user=projects/test-app-9eac0
[debug] [2023-12-11T06:24:49.378Z] >>> [apiv2][body] POST https://cloudresourcemanager.googleapis.com/v1/projects/test-app-9eac0:testIamPermissions {"permissions":["firebase.projects.get"]}
[debug] [2023-12-11T06:24:50.119Z] <<< [apiv2][status] POST https://cloudresourcemanager.googleapis.com/v1/projects/test-app-9eac0:testIamPermissions 200
[debug] [2023-12-11T06:24:50.119Z] <<< [apiv2][body] POST https://cloudresourcemanager.googleapis.com/v1/projects/test-app-9eac0:testIamPermissions {"permissions":["firebase.projects.get"]}
[info] 
[info] Firestore Security Rules allow you to define how and when to allow
[info] requests. You can keep these rules in your project directory
[info] and publish them with firebase deploy.
[info] 
[debug] [2023-12-11T06:28:23.458Z] ----------------------------------------------------------------------
[debug] [2023-12-11T06:28:23.460Z] Command:       C:\Program Files\nodejs\node.exe C:\Users\rakud\AppData\Roaming\npm\node_modules\firebase-tools\lib\bin\firebase.js init
[debug] [2023-12-11T06:28:23.460Z] CLI Version:   13.0.1
[debug] [2023-12-11T06:28:23.460Z] Platform:      win32
[debug] [2023-12-11T06:28:23.461Z] Node Version:  v20.10.0
[debug] [2023-12-11T06:28:23.461Z] Time:          Mon Dec 11 2023 15:28:23 GMT+0900 (GMT+09:00)
[debug] [2023-12-11T06:28:23.461Z] ----------------------------------------------------------------------
[debug] 
[debug] [2023-12-11T06:28:23.508Z] > command requires scopes: ["email","openid","https://www.googleapis.com/auth/cloudplatformprojects.readonly","https://www.googleapis.com/auth/firebase","https://www.googleapis.com/auth/cloud-platform"]
[debug] [2023-12-11T06:28:23.508Z] > authorizing via signed-in user (aichitead23302@gmail.com)
[info] 
     ######## #### ########  ######## ########     ###     ######  ########
     ##        ##  ##     ## ##       ##     ##  ##   ##  ##       ##
     ######    ##  ########  ######   ########  #########  ######  ######
     ##        ##  ##    ##  ##       ##     ## ##     ##       ## ##
     ##       #### ##     ## ######## ########  ##     ##  ######  ########

You're about to initialize a Firebase project in this directory:

  C:\Users\rakud\Downloads\Hack-U-master-new\Hack-U-master\easy-chat

Before we get started, keep in mind:

  * You are initializing within an existing Firebase project directory

[info] 
=== Project Setup
[info] 
[info] First, let's associate this project directory with a Firebase project.
[info] You can create multiple project aliases by running firebase use --add, 
[info] but for now we'll just set up a default project.
[info] 
[debug] [2023-12-11T06:28:27.400Z] Using project from CLI flag: test-app-9eac0
[debug] [2023-12-11T06:28:27.401Z] >>> [apiv2][query] GET https://firebase.googleapis.com/v1beta1/projects/test-app-9eac0 [none]
[debug] [2023-12-11T06:28:27.777Z] <<< [apiv2][status] GET https://firebase.googleapis.com/v1beta1/projects/test-app-9eac0 200
[debug] [2023-12-11T06:28:27.778Z] <<< [apiv2][body] GET https://firebase.googleapis.com/v1beta1/projects/test-app-9eac0 {"projectId":"test-app-9eac0","projectNumber":"475645900729","displayName":"hacku-app","name":"projects/test-app-9eac0","resources":{"hostingSite":"test-app-9eac0","realtimeDatabaseInstance":"test-app-9eac0-default-rtdb","storageBucket":"test-app-9eac0.appspot.com","locationId":"asia-northeast1"},"state":"ACTIVE","etag":"1_e5f8493b-ecb1-4d74-8609-36ebc7a29e2d"}
[info] i  Using project test-app-9eac0 (hacku-app) 
[info] 
=== Firestore Setup
[debug] [2023-12-11T06:28:27.793Z] >>> [apiv2][query] GET https://serviceusage.googleapis.com/v1/projects/test-app-9eac0/services/firestore.googleapis.com [none]
[debug] [2023-12-11T06:28:27.793Z] >>> [apiv2][(partial)header] GET https://serviceusage.googleapis.com/v1/projects/test-app-9eac0/services/firestore.googleapis.com x-goog-quota-user=projects/test-app-9eac0
[debug] [2023-12-11T06:28:28.942Z] <<< [apiv2][status] GET https://serviceusage.googleapis.com/v1/projects/test-app-9eac0/services/firestore.googleapis.com 200
[debug] [2023-12-11T06:28:28.943Z] <<< [apiv2][body] GET https://serviceusage.googleapis.com/v1/projects/test-app-9eac0/services/firestore.googleapis.com [omitted]
[debug] [2023-12-11T06:28:28.943Z] >>> [apiv2][query] GET https://firestore.googleapis.com/v1/projects/test-app-9eac0/databases/(default) [none]
[debug] [2023-12-11T06:28:29.271Z] <<< [apiv2][status] GET https://firestore.googleapis.com/v1/projects/test-app-9eac0/databases/(default) 200
[debug] [2023-12-11T06:28:29.271Z] <<< [apiv2][body] GET https://firestore.googleapis.com/v1/projects/test-app-9eac0/databases/(default) {"name":"projects/test-app-9eac0/databases/(default)","uid":"28094f38-4dd3-477d-a88e-42fd9f748cb6","createTime":"2023-11-22T00:54:00.546313Z","updateTime":"2023-11-22T00:54:00.546313Z","locationId":"asia-northeast1","type":"FIRESTORE_NATIVE","concurrencyMode":"PESSIMISTIC","versionRetentionPeriod":"3600s","earliestVersionTime":"2023-12-11T05:28:29.706931Z","appEngineIntegrationMode":"DISABLED","keyPrefix":"b","pointInTimeRecoveryEnablement":"POINT_IN_TIME_RECOVERY_DISABLED","deleteProtectionState":"DELETE_PROTECTION_DISABLED","etag":"IL7J0NbghoMDMJTu1rHA1oID"}
[debug] [2023-12-11T06:28:29.272Z] database_type: FIRESTORE_NATIVE
[debug] [2023-12-11T06:28:29.272Z] > command requires scopes: ["email","openid","https://www.googleapis.com/auth/cloudplatformprojects.readonly","https://www.googleapis.com/auth/firebase","https://www.googleapis.com/auth/cloud-platform"]
[debug] [2023-12-11T06:28:29.272Z] > authorizing via signed-in user (aichitead23302@gmail.com)
[debug] [2023-12-11T06:28:29.272Z] [iam] checking project test-app-9eac0 for permissions ["firebase.projects.get"]
[debug] [2023-12-11T06:28:29.273Z] >>> [apiv2][query] POST https://cloudresourcemanager.googleapis.com/v1/projects/test-app-9eac0:testIamPermissions [none]
[debug] [2023-12-11T06:28:29.273Z] >>> [apiv2][(partial)header] POST https://cloudresourcemanager.googleapis.com/v1/projects/test-app-9eac0:testIamPermissions x-goog-quota-user=projects/test-app-9eac0
[debug] [2023-12-11T06:28:29.273Z] >>> [apiv2][body] POST https://cloudresourcemanager.googleapis.com/v1/projects/test-app-9eac0:testIamPermissions {"permissions":["firebase.projects.get"]}
[debug] [2023-12-11T06:28:30.028Z] <<< [apiv2][status] POST https://cloudresourcemanager.googleapis.com/v1/projects/test-app-9eac0:testIamPermissions 200
[debug] [2023-12-11T06:28:30.029Z] <<< [apiv2][body] POST https://cloudresourcemanager.googleapis.com/v1/projects/test-app-9eac0:testIamPermissions {"permissions":["firebase.projects.get"]}
[info] 
[info] Firestore Security Rules allow you to define how and when to allow
[info] requests. You can keep these rules in your project directory
[info] and publish them with firebase deploy.
[info] 
